C51 COMPILER V9.00   MAIN                                                                  05/02/2021 23:19:37 PAGE 1   


C51 COMPILER V9.00, COMPILATION OF MODULE MAIN
OBJECT MODULE PLACED IN main.OBJ
COMPILER INVOKED BY: D:\单片机开发\软件\C51\BIN\C51.EXE main.c BROWSE DEBUG OBJECTEXTEND

line level    source

   1          //****************************************************
   2          //****************************************************
   3          //车灯控制主函数
   4          //****************************************************
   5          //****************************************************
   6          //Author 梁小蜗
   7          #include "main.h"
   8          
   9          //****************************************************
  10          //主函数
  11          //****************************************************
  12          //低电平表示通路
  13          unsigned int twinkleOn = 0;//闪烁标志，0.5s
  14          unsigned int diOn = 0;//蜂鸣器间隔，1s
  15          unsigned int lightMode = 0;//车辆开灯模式，0=关闭，1=示廓灯，2=前照灯
  16          unsigned int fogMode = 0;//车辆雾灯模式，0=关闭，1=前雾灯，2=前后雾灯
  17          unsigned int bigLight = 0;//大灯开启标志,0=关闭,1=开启
  18          unsigned int turnLightOn = 0; //转向标志，0=关闭,1=左转，2=右转
  19          bit breakOn = 0;//刹车
  20          bit backOn = 0;//倒车
  21          bit dfOn = 0;//双闪
  22          bit BuzzerOn = 0;//蜂鸣器状态（工程车需单独控制）
  23          
  24          
  25          //****************************************************
  26          //MS延时函数(12M晶振下测试)
  27          //****************************************************
  28          void Delay_ms(unsigned int n)
  29          {
  30   1              unsigned int  i,j;
  31   1              for(i=0;i<n;i++)
  32   1                      for(j=0;j<110;j++);
  33   1      }
  34          
  35                                                  #define uchar unsigned char
  36          /******************************************************************/
  37          /* 串口中断程序*/
  38          /******************************************************************/
  39          void UART_SER () interrupt 4
  40          {
  41   1              unsigned int n;         //定义临时变量
  42   1              uchar receive_data;
  43   1              if(RI)          //判断是接收中断产生
  44   1              {
  45   2                      RI=0;   //标志位清零
  46   2                      n=SBUF; //读入缓冲区的值
  47   2                  receive_data=SBUF;
  48   2                      if(receive_data == '1'){
  49   3                              //L_Ex5 = 0;
  50   3                      }
  51   2                      switch(n)
  52   2                      {
  53   3                              case 0: lightMode = 0;  break;  //关闭灯光
  54   3                              case 1: lightMode = 1;  break;  //示廓灯
  55   3                              case 2: lightMode = 2;  break;  //前照灯
C51 COMPILER V9.00   MAIN                                                                  05/02/2021 23:19:37 PAGE 2   

  56   3                              case 3: fogMode = 0;    break;  //关闭雾灯
  57   3                              case 4: fogMode = 1;  break; //打开前雾灯
  58   3                              case 5: fogMode = 2; break; //打开前后雾灯
  59   3                              case 6: bigLight = 0; break; //关闭大灯
  60   3                              case 7: bigLight = 1; break; //打开大灯
  61   3                              case 8: breakOn = 0; break; //关闭刹车灯
  62   3                              case 9: breakOn = 1; break; //打开刹车灯
  63   3                              case 10: backOn = 0; break; //关闭倒车
  64   3                              case 11: backOn = 1; break; //打开倒车
  65   3                              case 12: turnLightOn = 0;break; //关闭转向灯
  66   3                              case 13: turnLightOn = 1;break; //左转
  67   3                              case 14: turnLightOn = 2;break; //右转
  68   3                              case 15: dfOn = 0;break; //关闭双闪
  69   3                              case 16: dfOn = 1;break; //打开双闪
  70   3                              case 17: BuzzerOn = 0;break; //关闭蜂鸣器
  71   3                              case 18: BuzzerOn = 1;break; //打开蜂鸣器
  72   3                              case 19: L_Ex0 = 1;break; //关闭额外灯0
  73   3                              case 20: L_Ex0 = 0;break; //打开额外灯0
  74   3                              case 21: L_Ex1 = 1;break;
  75   3                              case 22: L_Ex1 = 0;break;
  76   3                              case 23: L_Ex2 = 1;break;
  77   3                              case 24: L_Ex2 = 0;break;
  78   3                              case 25: L_Ex3 = 1;break;
  79   3                              case 26: L_Ex3 = 0;break;
  80   3                              case 27: L_Ex4 = 1;break;
  81   3                              case 28: L_Ex4 = 0;break;
  82   3                              case 29: L_Ex5 = 1;break;
  83   3                              case 30: L_Ex5 = 0;break;
  84   3                      }
  85   2                      
  86   2                      //判断灯光
  87   2                      switch(lightMode)
  88   2                      {
  89   3                              case 0:
  90   3                                      L_Back = 1;
  91   3                                      L_Head = 1;
  92   3                                      break;
  93   3                              case 1:
  94   3                                      L_Back = 0;
  95   3                                      L_Head = 1;
  96   3                                      break;
  97   3                              case 2:
  98   3                                      L_Back = 0;
  99   3                                      L_Head = 0;
 100   3                                      break;
 101   3                      }
 102   2                      switch(fogMode)
 103   2                      {
 104   3                              case 0:
 105   3                                      L_Front_Fog = 1;
 106   3                                      L_Back_Fog = 1;
 107   3                                      break;
 108   3                              case 1:
 109   3                                      L_Front_Fog = 0;
 110   3                                      L_Back_Fog = 1;
 111   3                                      break;
 112   3                              case 2:
 113   3                                      L_Front_Fog = 0;
 114   3                                      L_Back_Fog = 0;
 115   3                                      break;
 116   3                      }
 117   2                      L_Head_Big = ~bigLight;
C51 COMPILER V9.00   MAIN                                                                  05/02/2021 23:19:37 PAGE 3   

 118   2                      if(breakOn || backOn){
 119   3                         L_Break = 0;
 120   3                      
 121   3                      }else{
 122   3                              L_Break = 1;    
 123   3                      }
 124   2                      L_Re = ~backOn;
 125   2              }
 126   1      }
 127          
 128          //蓝牙初始化
 129          void BTinit(void)
 130          {
 131   1         
 132   1        SCON = 0x50;  // SCON: 模式1, 8-bit UART, 使能接收 
 133   1              TMOD |= 0x20;
 134   1              TH1=0xfd;               //波特率9600 初值
 135   1              TL1=0xfd;
 136   1              TR1= 1;
 137   1              EA = 1;     //开总中断
 138   1              ES= 1;          //打开串口中断
 139   1      }
 140          
 141          void main()
 142          {
 143   1              L_Back = 1;
 144   1              L_Head = 1;
 145   1              L_Head_Big = 1;
 146   1              L_Left = 1;
 147   1              L_Right = 1;
 148   1              L_Break = 1;
 149   1              L_Re = 1;
 150   1              L_Front_Fog = 1;
 151   1              L_Back_Fog = 1;
 152   1              L_Ex0 = 1;
 153   1              L_Ex1 = 1;
 154   1              L_Ex2 = 1;
 155   1              L_Ex3 = 1;
 156   1              L_Ex4 = 1;
 157   1              L_Ex5 = 1;
 158   1              L_Buzzer = 1;
 159   1              BTinit();
 160   1              while(1)
 161   1              {
 162   2                      //判断双闪
 163   2                      if(dfOn)
 164   2                      {
 165   3                              L_Left = twinkleOn;
 166   3                              L_Right = twinkleOn;
 167   3      
 168   3                      }else
 169   2                      {
 170   3                              L_Left = 1;
 171   3                              L_Right = 1;
 172   3                              switch(turnLightOn){
 173   4                                      case 1:
 174   4                                              L_Left = twinkleOn;
 175   4                                              break;
 176   4                                      case 2:
 177   4                                              L_Right = twinkleOn;
 178   4                                              break;
 179   4                              }
C51 COMPILER V9.00   MAIN                                                                  05/02/2021 23:19:37 PAGE 4   

 180   3      
 181   3                      }
 182   2                      //判断蜂鸣器
 183   2                      if(backOn || BuzzerOn){
 184   3                              L_Buzzer = diOn > 1;
 185   3                      }
 186   2                      Delay_ms(500);           //延时0.5s             
 187   2                      twinkleOn = ~twinkleOn;
 188   2                      diOn ++;
 189   2                      if(diOn >= 3){
 190   3                              diOn = 0;
 191   3                      }
 192   2              }
 193   1      }


MODULE INFORMATION:   STATIC OVERLAYABLE
   CODE SIZE        =    621    ----
   CONSTANT SIZE    =   ----    ----
   XDATA SIZE       =   ----    ----
   PDATA SIZE       =   ----    ----
   DATA SIZE        =     12       1
   IDATA SIZE       =   ----    ----
   BIT SIZE         =      4    ----
END OF MODULE INFORMATION.


C51 COMPILATION COMPLETE.  0 WARNING(S),  0 ERROR(S)
